<?xml version="1.0" encoding="UTF-8" ?>
<testsuites>
  <testsuite errors="1" failures="0" hostname="tims-macbook" id="0" name="Airspace_Tests" package="unitTests" skipped="0" tests="6" time="0.088" timestamp="2014-03-14T21:57:47">
      <properties>
[...]
</properties>

      <testcase classname="unitTests.Airspace_Tests" name="generateFlightNameTest" time="0.0080" />

      <testcase classname="unitTests.Airspace_Tests" name="newExitPointTest" time="0.0010" />

      <testcase classname="unitTests.Airspace_Tests" name="checkIfFlightHasLeftAirspaceTest" time="0.0010" />

      <testcase classname="unitTests.Airspace_Tests" name="newEntryPointTest" time="0.0" />

      <testcase classname="unitTests.Airspace_Tests" name="resetAirspaceTest" time="0.0080">
          <error type="java.lang.NullPointerException">java.lang.NullPointerException
	at logicClasses.Controls.setSelectedFlight(Controls.java:242)
	at logicClasses.Airspace.resetAirspace(Airspace.java:57)
	at unitTests.Airspace_Tests.resetAirspaceTest(Airspace_Tests.java:48)
</error>

      </testcase>

      <testcase classname="unitTests.Airspace_Tests" name="newWaypointTest" time="0.0" />

      <system-out><![CDATA[]]></system-out>

      <system-err><![CDATA[]]></system-err>

  </testsuite>
  <testsuite errors="1" failures="10" hostname="tims-macbook" id="1" name="Controls_Tests" package="unitTests" skipped="0" tests="12" time="0.111" timestamp="2014-03-14T21:57:48">
      <properties>
[...]
</properties>

      <testcase classname="unitTests.Controls_Tests" name="testUpdateTurnLeftTextBox" time="0.0070">
          <failure message="Not yet implemented" type="junit.framework.AssertionFailedError">junit.framework.AssertionFailedError: Not yet implemented
	at unitTests.Controls_Tests.testUpdateTurnLeftTextBox(Controls_Tests.java:65)
</failure>

      </testcase>

      <testcase classname="unitTests.Controls_Tests" name="testUpdateTurnRightTextBox" time="0.0020">
          <failure message="Not yet implemented" type="junit.framework.AssertionFailedError">junit.framework.AssertionFailedError: Not yet implemented
	at unitTests.Controls_Tests.testUpdateTurnRightTextBox(Controls_Tests.java:70)
</failure>

      </testcase>

      <testcase classname="unitTests.Controls_Tests" name="testHandleAndUpdateAltitudeButtons" time="0.0010">
          <failure message="Not yet implemented" type="junit.framework.AssertionFailedError">junit.framework.AssertionFailedError: Not yet implemented
	at unitTests.Controls_Tests.testHandleAndUpdateAltitudeButtons(Controls_Tests.java:40)
</failure>

      </testcase>

      <testcase classname="unitTests.Controls_Tests" name="testInit" time="0.0030">
          <failure message="Not yet implemented" type="junit.framework.AssertionFailedError">junit.framework.AssertionFailedError: Not yet implemented
	at unitTests.Controls_Tests.testInit(Controls_Tests.java:35)
</failure>

      </testcase>

      <testcase classname="unitTests.Controls_Tests" name="testGetSelectedFlight" time="0.011">
          <error type="java.lang.NullPointerException">java.lang.NullPointerException
	at logicClasses.Controls.setSelectedFlight(Controls.java:242)
	at unitTests.Controls_Tests.testGetSelectedFlight(Controls_Tests.java:93)
</error>

      </testcase>

      <testcase classname="unitTests.Controls_Tests" name="testChangeModeByClickingOnFlight" time="0.0010">
          <failure message="Not yet implemented" type="junit.framework.AssertionFailedError">junit.framework.AssertionFailedError: Not yet implemented
	at unitTests.Controls_Tests.testChangeModeByClickingOnFlight(Controls_Tests.java:45)
</failure>

      </testcase>

      <testcase classname="unitTests.Controls_Tests" name="testUpdateHeadingTextBox" time="0.0010">
          <failure message="Not yet implemented" type="junit.framework.AssertionFailedError">junit.framework.AssertionFailedError: Not yet implemented
	at unitTests.Controls_Tests.testUpdateHeadingTextBox(Controls_Tests.java:60)
</failure>

      </testcase>

      <testcase classname="unitTests.Controls_Tests" name="testCheckSelected" time="0.0010">
          <failure message="Not yet implemented" type="junit.framework.AssertionFailedError">junit.framework.AssertionFailedError: Not yet implemented
	at unitTests.Controls_Tests.testCheckSelected(Controls_Tests.java:50)
</failure>

      </testcase>

      <testcase classname="unitTests.Controls_Tests" name="testGiveHeadingWithMouse" time="0.0010">
          <failure message="Not yet implemented" type="junit.framework.AssertionFailedError">junit.framework.AssertionFailedError: Not yet implemented
	at unitTests.Controls_Tests.testGiveHeadingWithMouse(Controls_Tests.java:55)
</failure>

      </testcase>

      <testcase classname="unitTests.Controls_Tests" name="testRender" time="0.0010">
          <failure message="Not yet implemented" type="junit.framework.AssertionFailedError">junit.framework.AssertionFailedError: Not yet implemented
	at unitTests.Controls_Tests.testRender(Controls_Tests.java:75)
</failure>

      </testcase>

      <testcase classname="unitTests.Controls_Tests" name="testUpdate" time="0.0010">
          <failure message="Not yet implemented" type="junit.framework.AssertionFailedError">junit.framework.AssertionFailedError: Not yet implemented
	at unitTests.Controls_Tests.testUpdate(Controls_Tests.java:80)
</failure>

      </testcase>

      <testcase classname="unitTests.Controls_Tests" name="testSetDifficultyValueOfGame" time="0.0" />

      <system-out><![CDATA[]]></system-out>

      <system-err><![CDATA[]]></system-err>

  </testsuite>
  <testsuite errors="0" failures="0" hostname="tims-macbook" id="2" name="DeferredFile_Test" package="unitTests" skipped="0" tests="2" time="0.141" timestamp="2014-03-14T21:57:49">
      <properties>
[...]
</properties>

      <testcase classname="unitTests.DeferredFile_Test" name="testLoad" time="0.0020" />

      <testcase classname="unitTests.DeferredFile_Test" name="testGetDescription" time="0.0" />

      <system-out><![CDATA[]]></system-out>

      <system-err><![CDATA[]]></system-err>

  </testsuite>
  <testsuite errors="24" failures="0" hostname="tims-macbook" id="3" name="FlightMenu_Tests" package="unitTests" skipped="0" tests="24" time="0.557" timestamp="2014-03-14T21:57:49">
      <properties>
[...]
</properties>

      <testcase classname="unitTests.FlightMenu_Tests" name="testGetSliderWidth" time="0.433">
          <error message="No OpenGL context found in the current thread." type="java.lang.RuntimeException">java.lang.RuntimeException: No OpenGL context found in the current thread.
	at org.lwjgl.opengl.GLContext.getCapabilities(GLContext.java:124)
	at org.lwjgl.opengl.GL11.glGetError(GL11.java:1289)
	at org.newdawn.slick.opengl.renderer.ImmediateModeOGLRenderer.glGetError(ImmediateModeOGLRenderer.java:384)
	at org.newdawn.slick.opengl.GLUtils.checkGLContext(GLUtils.java:17)
	at org.newdawn.slick.TrueTypeFont.&lt;init&gt;(TrueTypeFont.java:92)
	at org.newdawn.slick.TrueTypeFont.&lt;init&gt;(TrueTypeFont.java:112)
	at logicClasses.FlightMenu.&lt;init&gt;(FlightMenu.java:32)
	at unitTests.FlightMenu_Tests.setUp(FlightMenu_Tests.java:28)
</error>

      </testcase>

      <testcase classname="unitTests.FlightMenu_Tests" name="testSetButtonHeight" time="0.0010">
          <error message="No OpenGL context found in the current thread." type="java.lang.RuntimeException">java.lang.RuntimeException: No OpenGL context found in the current thread.
	at org.lwjgl.opengl.GLContext.getCapabilities(GLContext.java:124)
	at org.lwjgl.opengl.GL11.glGetError(GL11.java:1289)
	at org.newdawn.slick.opengl.renderer.ImmediateModeOGLRenderer.glGetError(ImmediateModeOGLRenderer.java:384)
	at org.newdawn.slick.opengl.GLUtils.checkGLContext(GLUtils.java:17)
	at org.newdawn.slick.TrueTypeFont.&lt;init&gt;(TrueTypeFont.java:92)
	at org.newdawn.slick.TrueTypeFont.&lt;init&gt;(TrueTypeFont.java:112)
	at logicClasses.FlightMenu.&lt;init&gt;(FlightMenu.java:32)
	at unitTests.FlightMenu_Tests.setUp(FlightMenu_Tests.java:28)
</error>

      </testcase>

      <testcase classname="unitTests.FlightMenu_Tests" name="testSetSpacingSize" time="0.0020">
          <error message="No OpenGL context found in the current thread." type="java.lang.RuntimeException">java.lang.RuntimeException: No OpenGL context found in the current thread.
	at org.lwjgl.opengl.GLContext.getCapabilities(GLContext.java:124)
	at org.lwjgl.opengl.GL11.glGetError(GL11.java:1289)
	at org.newdawn.slick.opengl.renderer.ImmediateModeOGLRenderer.glGetError(ImmediateModeOGLRenderer.java:384)
	at org.newdawn.slick.opengl.GLUtils.checkGLContext(GLUtils.java:17)
	at org.newdawn.slick.TrueTypeFont.&lt;init&gt;(TrueTypeFont.java:92)
	at org.newdawn.slick.TrueTypeFont.&lt;init&gt;(TrueTypeFont.java:112)
	at logicClasses.FlightMenu.&lt;init&gt;(FlightMenu.java:32)
	at unitTests.FlightMenu_Tests.setUp(FlightMenu_Tests.java:28)
</error>

      </testcase>

      <testcase classname="unitTests.FlightMenu_Tests" name="testSetButtonColor" time="0.0020">
          <error message="No OpenGL context found in the current thread." type="java.lang.RuntimeException">java.lang.RuntimeException: No OpenGL context found in the current thread.
	at org.lwjgl.opengl.GLContext.getCapabilities(GLContext.java:124)
	at org.lwjgl.opengl.GL11.glGetError(GL11.java:1289)
	at org.newdawn.slick.opengl.renderer.ImmediateModeOGLRenderer.glGetError(ImmediateModeOGLRenderer.java:384)
	at org.newdawn.slick.opengl.GLUtils.checkGLContext(GLUtils.java:17)
	at org.newdawn.slick.TrueTypeFont.&lt;init&gt;(TrueTypeFont.java:92)
	at org.newdawn.slick.TrueTypeFont.&lt;init&gt;(TrueTypeFont.java:112)
	at logicClasses.FlightMenu.&lt;init&gt;(FlightMenu.java:32)
	at unitTests.FlightMenu_Tests.setUp(FlightMenu_Tests.java:28)
</error>

      </testcase>

      <testcase classname="unitTests.FlightMenu_Tests" name="testSetButtonWidth" time="0.0010">
          <error message="No OpenGL context found in the current thread." type="java.lang.RuntimeException">java.lang.RuntimeException: No OpenGL context found in the current thread.
	at org.lwjgl.opengl.GLContext.getCapabilities(GLContext.java:124)
	at org.lwjgl.opengl.GL11.glGetError(GL11.java:1289)
	at org.newdawn.slick.opengl.renderer.ImmediateModeOGLRenderer.glGetError(ImmediateModeOGLRenderer.java:384)
	at org.newdawn.slick.opengl.GLUtils.checkGLContext(GLUtils.java:17)
	at org.newdawn.slick.TrueTypeFont.&lt;init&gt;(TrueTypeFont.java:92)
	at org.newdawn.slick.TrueTypeFont.&lt;init&gt;(TrueTypeFont.java:112)
	at logicClasses.FlightMenu.&lt;init&gt;(FlightMenu.java:32)
	at unitTests.FlightMenu_Tests.setUp(FlightMenu_Tests.java:28)
</error>

      </testcase>

      <testcase classname="unitTests.FlightMenu_Tests" name="testGetBearingSize" time="0.0010">
          <error message="No OpenGL context found in the current thread." type="java.lang.RuntimeException">java.lang.RuntimeException: No OpenGL context found in the current thread.
	at org.lwjgl.opengl.GLContext.getCapabilities(GLContext.java:124)
	at org.lwjgl.opengl.GL11.glGetError(GL11.java:1289)
	at org.newdawn.slick.opengl.renderer.ImmediateModeOGLRenderer.glGetError(ImmediateModeOGLRenderer.java:384)
	at org.newdawn.slick.opengl.GLUtils.checkGLContext(GLUtils.java:17)
	at org.newdawn.slick.TrueTypeFont.&lt;init&gt;(TrueTypeFont.java:92)
	at org.newdawn.slick.TrueTypeFont.&lt;init&gt;(TrueTypeFont.java:112)
	at logicClasses.FlightMenu.&lt;init&gt;(FlightMenu.java:32)
	at unitTests.FlightMenu_Tests.setUp(FlightMenu_Tests.java:28)
</error>

      </testcase>

      <testcase classname="unitTests.FlightMenu_Tests" name="testGetSpeedSize" time="0.0010">
          <error message="No OpenGL context found in the current thread." type="java.lang.RuntimeException">java.lang.RuntimeException: No OpenGL context found in the current thread.
	at org.lwjgl.opengl.GLContext.getCapabilities(GLContext.java:124)
	at org.lwjgl.opengl.GL11.glGetError(GL11.java:1289)
	at org.newdawn.slick.opengl.renderer.ImmediateModeOGLRenderer.glGetError(ImmediateModeOGLRenderer.java:384)
	at org.newdawn.slick.opengl.GLUtils.checkGLContext(GLUtils.java:17)
	at org.newdawn.slick.TrueTypeFont.&lt;init&gt;(TrueTypeFont.java:92)
	at org.newdawn.slick.TrueTypeFont.&lt;init&gt;(TrueTypeFont.java:112)
	at logicClasses.FlightMenu.&lt;init&gt;(FlightMenu.java:32)
	at unitTests.FlightMenu_Tests.setUp(FlightMenu_Tests.java:28)
</error>

      </testcase>

      <testcase classname="unitTests.FlightMenu_Tests" name="testGetAltSize" time="0.0020">
          <error message="No OpenGL context found in the current thread." type="java.lang.RuntimeException">java.lang.RuntimeException: No OpenGL context found in the current thread.
	at org.lwjgl.opengl.GLContext.getCapabilities(GLContext.java:124)
	at org.lwjgl.opengl.GL11.glGetError(GL11.java:1289)
	at org.newdawn.slick.opengl.renderer.ImmediateModeOGLRenderer.glGetError(ImmediateModeOGLRenderer.java:384)
	at org.newdawn.slick.opengl.GLUtils.checkGLContext(GLUtils.java:17)
	at org.newdawn.slick.TrueTypeFont.&lt;init&gt;(TrueTypeFont.java:92)
	at org.newdawn.slick.TrueTypeFont.&lt;init&gt;(TrueTypeFont.java:112)
	at logicClasses.FlightMenu.&lt;init&gt;(FlightMenu.java:32)
	at unitTests.FlightMenu_Tests.setUp(FlightMenu_Tests.java:28)
</error>

      </testcase>

      <testcase classname="unitTests.FlightMenu_Tests" name="testGetLabelColor" time="0.0010">
          <error message="No OpenGL context found in the current thread." type="java.lang.RuntimeException">java.lang.RuntimeException: No OpenGL context found in the current thread.
	at org.lwjgl.opengl.GLContext.getCapabilities(GLContext.java:124)
	at org.lwjgl.opengl.GL11.glGetError(GL11.java:1289)
	at org.newdawn.slick.opengl.renderer.ImmediateModeOGLRenderer.glGetError(ImmediateModeOGLRenderer.java:384)
	at org.newdawn.slick.opengl.GLUtils.checkGLContext(GLUtils.java:17)
	at org.newdawn.slick.TrueTypeFont.&lt;init&gt;(TrueTypeFont.java:92)
	at org.newdawn.slick.TrueTypeFont.&lt;init&gt;(TrueTypeFont.java:112)
	at logicClasses.FlightMenu.&lt;init&gt;(FlightMenu.java:32)
	at unitTests.FlightMenu_Tests.setUp(FlightMenu_Tests.java:28)
</error>

      </testcase>

      <testcase classname="unitTests.FlightMenu_Tests" name="testSetIndicatorSize" time="0.0010">
          <error message="No OpenGL context found in the current thread." type="java.lang.RuntimeException">java.lang.RuntimeException: No OpenGL context found in the current thread.
	at org.lwjgl.opengl.GLContext.getCapabilities(GLContext.java:124)
	at org.lwjgl.opengl.GL11.glGetError(GL11.java:1289)
	at org.newdawn.slick.opengl.renderer.ImmediateModeOGLRenderer.glGetError(ImmediateModeOGLRenderer.java:384)
	at org.newdawn.slick.opengl.GLUtils.checkGLContext(GLUtils.java:17)
	at org.newdawn.slick.TrueTypeFont.&lt;init&gt;(TrueTypeFont.java:92)
	at org.newdawn.slick.TrueTypeFont.&lt;init&gt;(TrueTypeFont.java:112)
	at logicClasses.FlightMenu.&lt;init&gt;(FlightMenu.java:32)
	at unitTests.FlightMenu_Tests.setUp(FlightMenu_Tests.java:28)
</error>

      </testcase>

      <testcase classname="unitTests.FlightMenu_Tests" name="testIsAcceptingInput" time="0.0010">
          <error message="No OpenGL context found in the current thread." type="java.lang.RuntimeException">java.lang.RuntimeException: No OpenGL context found in the current thread.
	at org.lwjgl.opengl.GLContext.getCapabilities(GLContext.java:124)
	at org.lwjgl.opengl.GL11.glGetError(GL11.java:1289)
	at org.newdawn.slick.opengl.renderer.ImmediateModeOGLRenderer.glGetError(ImmediateModeOGLRenderer.java:384)
	at org.newdawn.slick.opengl.GLUtils.checkGLContext(GLUtils.java:17)
	at org.newdawn.slick.TrueTypeFont.&lt;init&gt;(TrueTypeFont.java:92)
	at org.newdawn.slick.TrueTypeFont.&lt;init&gt;(TrueTypeFont.java:112)
	at logicClasses.FlightMenu.&lt;init&gt;(FlightMenu.java:32)
	at unitTests.FlightMenu_Tests.setUp(FlightMenu_Tests.java:28)
</error>

      </testcase>

      <testcase classname="unitTests.FlightMenu_Tests" name="testMouseMoved" time="0.0010">
          <error message="No OpenGL context found in the current thread." type="java.lang.RuntimeException">java.lang.RuntimeException: No OpenGL context found in the current thread.
	at org.lwjgl.opengl.GLContext.getCapabilities(GLContext.java:124)
	at org.lwjgl.opengl.GL11.glGetError(GL11.java:1289)
	at org.newdawn.slick.opengl.renderer.ImmediateModeOGLRenderer.glGetError(ImmediateModeOGLRenderer.java:384)
	at org.newdawn.slick.opengl.GLUtils.checkGLContext(GLUtils.java:17)
	at org.newdawn.slick.TrueTypeFont.&lt;init&gt;(TrueTypeFont.java:92)
	at org.newdawn.slick.TrueTypeFont.&lt;init&gt;(TrueTypeFont.java:112)
	at logicClasses.FlightMenu.&lt;init&gt;(FlightMenu.java:32)
	at unitTests.FlightMenu_Tests.setUp(FlightMenu_Tests.java:28)
</error>

      </testcase>

      <testcase classname="unitTests.FlightMenu_Tests" name="testGetSpacingSize" time="0.0010">
          <error message="No OpenGL context found in the current thread." type="java.lang.RuntimeException">java.lang.RuntimeException: No OpenGL context found in the current thread.
	at org.lwjgl.opengl.GLContext.getCapabilities(GLContext.java:124)
	at org.lwjgl.opengl.GL11.glGetError(GL11.java:1289)
	at org.newdawn.slick.opengl.renderer.ImmediateModeOGLRenderer.glGetError(ImmediateModeOGLRenderer.java:384)
	at org.newdawn.slick.opengl.GLUtils.checkGLContext(GLUtils.java:17)
	at org.newdawn.slick.TrueTypeFont.&lt;init&gt;(TrueTypeFont.java:92)
	at org.newdawn.slick.TrueTypeFont.&lt;init&gt;(TrueTypeFont.java:112)
	at logicClasses.FlightMenu.&lt;init&gt;(FlightMenu.java:32)
	at unitTests.FlightMenu_Tests.setUp(FlightMenu_Tests.java:28)
</error>

      </testcase>

      <testcase classname="unitTests.FlightMenu_Tests" name="testSetSliderWidth" time="0.0010">
          <error message="No OpenGL context found in the current thread." type="java.lang.RuntimeException">java.lang.RuntimeException: No OpenGL context found in the current thread.
	at org.lwjgl.opengl.GLContext.getCapabilities(GLContext.java:124)
	at org.lwjgl.opengl.GL11.glGetError(GL11.java:1289)
	at org.newdawn.slick.opengl.renderer.ImmediateModeOGLRenderer.glGetError(ImmediateModeOGLRenderer.java:384)
	at org.newdawn.slick.opengl.GLUtils.checkGLContext(GLUtils.java:17)
	at org.newdawn.slick.TrueTypeFont.&lt;init&gt;(TrueTypeFont.java:92)
	at org.newdawn.slick.TrueTypeFont.&lt;init&gt;(TrueTypeFont.java:112)
	at logicClasses.FlightMenu.&lt;init&gt;(FlightMenu.java:32)
	at unitTests.FlightMenu_Tests.setUp(FlightMenu_Tests.java:28)
</error>

      </testcase>

      <testcase classname="unitTests.FlightMenu_Tests" name="testGetButtonColor" time="0.0010">
          <error message="No OpenGL context found in the current thread." type="java.lang.RuntimeException">java.lang.RuntimeException: No OpenGL context found in the current thread.
	at org.lwjgl.opengl.GLContext.getCapabilities(GLContext.java:124)
	at org.lwjgl.opengl.GL11.glGetError(GL11.java:1289)
	at org.newdawn.slick.opengl.renderer.ImmediateModeOGLRenderer.glGetError(ImmediateModeOGLRenderer.java:384)
	at org.newdawn.slick.opengl.GLUtils.checkGLContext(GLUtils.java:17)
	at org.newdawn.slick.TrueTypeFont.&lt;init&gt;(TrueTypeFont.java:92)
	at org.newdawn.slick.TrueTypeFont.&lt;init&gt;(TrueTypeFont.java:112)
	at logicClasses.FlightMenu.&lt;init&gt;(FlightMenu.java:32)
	at unitTests.FlightMenu_Tests.setUp(FlightMenu_Tests.java:28)
</error>

      </testcase>

      <testcase classname="unitTests.FlightMenu_Tests" name="testGetButtonWidth" time="0.0030">
          <error message="No OpenGL context found in the current thread." type="java.lang.RuntimeException">java.lang.RuntimeException: No OpenGL context found in the current thread.
	at org.lwjgl.opengl.GLContext.getCapabilities(GLContext.java:124)
	at org.lwjgl.opengl.GL11.glGetError(GL11.java:1289)
	at org.newdawn.slick.opengl.renderer.ImmediateModeOGLRenderer.glGetError(ImmediateModeOGLRenderer.java:384)
	at org.newdawn.slick.opengl.GLUtils.checkGLContext(GLUtils.java:17)
	at org.newdawn.slick.TrueTypeFont.&lt;init&gt;(TrueTypeFont.java:92)
	at org.newdawn.slick.TrueTypeFont.&lt;init&gt;(TrueTypeFont.java:112)
	at logicClasses.FlightMenu.&lt;init&gt;(FlightMenu.java:32)
	at unitTests.FlightMenu_Tests.setUp(FlightMenu_Tests.java:28)
</error>

      </testcase>

      <testcase classname="unitTests.FlightMenu_Tests" name="testSetLabelColor" time="0.0010">
          <error message="No OpenGL context found in the current thread." type="java.lang.RuntimeException">java.lang.RuntimeException: No OpenGL context found in the current thread.
	at org.lwjgl.opengl.GLContext.getCapabilities(GLContext.java:124)
	at org.lwjgl.opengl.GL11.glGetError(GL11.java:1289)
	at org.newdawn.slick.opengl.renderer.ImmediateModeOGLRenderer.glGetError(ImmediateModeOGLRenderer.java:384)
	at org.newdawn.slick.opengl.GLUtils.checkGLContext(GLUtils.java:17)
	at org.newdawn.slick.TrueTypeFont.&lt;init&gt;(TrueTypeFont.java:92)
	at org.newdawn.slick.TrueTypeFont.&lt;init&gt;(TrueTypeFont.java:112)
	at logicClasses.FlightMenu.&lt;init&gt;(FlightMenu.java:32)
	at unitTests.FlightMenu_Tests.setUp(FlightMenu_Tests.java:28)
</error>

      </testcase>

      <testcase classname="unitTests.FlightMenu_Tests" name="testSetFlight" time="0.0010">
          <error message="No OpenGL context found in the current thread." type="java.lang.RuntimeException">java.lang.RuntimeException: No OpenGL context found in the current thread.
	at org.lwjgl.opengl.GLContext.getCapabilities(GLContext.java:124)
	at org.lwjgl.opengl.GL11.glGetError(GL11.java:1289)
	at org.newdawn.slick.opengl.renderer.ImmediateModeOGLRenderer.glGetError(ImmediateModeOGLRenderer.java:384)
	at org.newdawn.slick.opengl.GLUtils.checkGLContext(GLUtils.java:17)
	at org.newdawn.slick.TrueTypeFont.&lt;init&gt;(TrueTypeFont.java:92)
	at org.newdawn.slick.TrueTypeFont.&lt;init&gt;(TrueTypeFont.java:112)
	at logicClasses.FlightMenu.&lt;init&gt;(FlightMenu.java:32)
	at unitTests.FlightMenu_Tests.setUp(FlightMenu_Tests.java:28)
</error>

      </testcase>

      <testcase classname="unitTests.FlightMenu_Tests" name="testSetSpeedSize" time="0.0010">
          <error message="No OpenGL context found in the current thread." type="java.lang.RuntimeException">java.lang.RuntimeException: No OpenGL context found in the current thread.
	at org.lwjgl.opengl.GLContext.getCapabilities(GLContext.java:124)
	at org.lwjgl.opengl.GL11.glGetError(GL11.java:1289)
	at org.newdawn.slick.opengl.renderer.ImmediateModeOGLRenderer.glGetError(ImmediateModeOGLRenderer.java:384)
	at org.newdawn.slick.opengl.GLUtils.checkGLContext(GLUtils.java:17)
	at org.newdawn.slick.TrueTypeFont.&lt;init&gt;(TrueTypeFont.java:92)
	at org.newdawn.slick.TrueTypeFont.&lt;init&gt;(TrueTypeFont.java:112)
	at logicClasses.FlightMenu.&lt;init&gt;(FlightMenu.java:32)
	at unitTests.FlightMenu_Tests.setUp(FlightMenu_Tests.java:28)
</error>

      </testcase>

      <testcase classname="unitTests.FlightMenu_Tests" name="testSetHeadingSize" time="0.0010">
          <error message="No OpenGL context found in the current thread." type="java.lang.RuntimeException">java.lang.RuntimeException: No OpenGL context found in the current thread.
	at org.lwjgl.opengl.GLContext.getCapabilities(GLContext.java:124)
	at org.lwjgl.opengl.GL11.glGetError(GL11.java:1289)
	at org.newdawn.slick.opengl.renderer.ImmediateModeOGLRenderer.glGetError(ImmediateModeOGLRenderer.java:384)
	at org.newdawn.slick.opengl.GLUtils.checkGLContext(GLUtils.java:17)
	at org.newdawn.slick.TrueTypeFont.&lt;init&gt;(TrueTypeFont.java:92)
	at org.newdawn.slick.TrueTypeFont.&lt;init&gt;(TrueTypeFont.java:112)
	at logicClasses.FlightMenu.&lt;init&gt;(FlightMenu.java:32)
	at unitTests.FlightMenu_Tests.setUp(FlightMenu_Tests.java:28)
</error>

      </testcase>

      <testcase classname="unitTests.FlightMenu_Tests" name="testSetAltSize" time="0.0010">
          <error message="No OpenGL context found in the current thread." type="java.lang.RuntimeException">java.lang.RuntimeException: No OpenGL context found in the current thread.
	at org.lwjgl.opengl.GLContext.getCapabilities(GLContext.java:124)
	at org.lwjgl.opengl.GL11.glGetError(GL11.java:1289)
	at org.newdawn.slick.opengl.renderer.ImmediateModeOGLRenderer.glGetError(ImmediateModeOGLRenderer.java:384)
	at org.newdawn.slick.opengl.GLUtils.checkGLContext(GLUtils.java:17)
	at org.newdawn.slick.TrueTypeFont.&lt;init&gt;(TrueTypeFont.java:92)
	at org.newdawn.slick.TrueTypeFont.&lt;init&gt;(TrueTypeFont.java:112)
	at logicClasses.FlightMenu.&lt;init&gt;(FlightMenu.java:32)
	at unitTests.FlightMenu_Tests.setUp(FlightMenu_Tests.java:28)
</error>

      </testcase>

      <testcase classname="unitTests.FlightMenu_Tests" name="testGetIndicatorSize" time="0.0010">
          <error message="No OpenGL context found in the current thread." type="java.lang.RuntimeException">java.lang.RuntimeException: No OpenGL context found in the current thread.
	at org.lwjgl.opengl.GLContext.getCapabilities(GLContext.java:124)
	at org.lwjgl.opengl.GL11.glGetError(GL11.java:1289)
	at org.newdawn.slick.opengl.renderer.ImmediateModeOGLRenderer.glGetError(ImmediateModeOGLRenderer.java:384)
	at org.newdawn.slick.opengl.GLUtils.checkGLContext(GLUtils.java:17)
	at org.newdawn.slick.TrueTypeFont.&lt;init&gt;(TrueTypeFont.java:92)
	at org.newdawn.slick.TrueTypeFont.&lt;init&gt;(TrueTypeFont.java:112)
	at logicClasses.FlightMenu.&lt;init&gt;(FlightMenu.java:32)
	at unitTests.FlightMenu_Tests.setUp(FlightMenu_Tests.java:28)
</error>

      </testcase>

      <testcase classname="unitTests.FlightMenu_Tests" name="testGetButtonHeight" time="0.0010">
          <error message="No OpenGL context found in the current thread." type="java.lang.RuntimeException">java.lang.RuntimeException: No OpenGL context found in the current thread.
	at org.lwjgl.opengl.GLContext.getCapabilities(GLContext.java:124)
	at org.lwjgl.opengl.GL11.glGetError(GL11.java:1289)
	at org.newdawn.slick.opengl.renderer.ImmediateModeOGLRenderer.glGetError(ImmediateModeOGLRenderer.java:384)
	at org.newdawn.slick.opengl.GLUtils.checkGLContext(GLUtils.java:17)
	at org.newdawn.slick.TrueTypeFont.&lt;init&gt;(TrueTypeFont.java:92)
	at org.newdawn.slick.TrueTypeFont.&lt;init&gt;(TrueTypeFont.java:112)
	at logicClasses.FlightMenu.&lt;init&gt;(FlightMenu.java:32)
	at unitTests.FlightMenu_Tests.setUp(FlightMenu_Tests.java:28)
</error>

      </testcase>

      <testcase classname="unitTests.FlightMenu_Tests" name="testSetInput" time="0.0">
          <error message="No OpenGL context found in the current thread." type="java.lang.RuntimeException">java.lang.RuntimeException: No OpenGL context found in the current thread.
	at org.lwjgl.opengl.GLContext.getCapabilities(GLContext.java:124)
	at org.lwjgl.opengl.GL11.glGetError(GL11.java:1289)
	at org.newdawn.slick.opengl.renderer.ImmediateModeOGLRenderer.glGetError(ImmediateModeOGLRenderer.java:384)
	at org.newdawn.slick.opengl.GLUtils.checkGLContext(GLUtils.java:17)
	at org.newdawn.slick.TrueTypeFont.&lt;init&gt;(TrueTypeFont.java:92)
	at org.newdawn.slick.TrueTypeFont.&lt;init&gt;(TrueTypeFont.java:112)
	at logicClasses.FlightMenu.&lt;init&gt;(FlightMenu.java:32)
	at unitTests.FlightMenu_Tests.setUp(FlightMenu_Tests.java:28)
</error>

      </testcase>

      <system-out><![CDATA[]]></system-out>

      <system-err><![CDATA[]]></system-err>

  </testsuite>
  <testsuite errors="2" failures="1" hostname="tims-macbook" id="4" name="FlightPlan_Tests" package="unitTests" skipped="0" tests="8" time="0.102" timestamp="2014-03-14T21:57:51">
      <properties>
[...]
</properties>

      <testcase classname="unitTests.FlightPlan_Tests" name="buildRouteTest1" time="0.015">
          <failure type="junit.framework.AssertionFailedError">junit.framework.AssertionFailedError
	at unitTests.FlightPlan_Tests.buildRouteTest1(FlightPlan_Tests.java:73)
</failure>

      </testcase>

      <testcase classname="unitTests.FlightPlan_Tests" name="buildRouteTest2" time="0.0010" />

      <testcase classname="unitTests.FlightPlan_Tests" name="buildRouteTest3" time="0.0" />

      <testcase classname="unitTests.FlightPlan_Tests" name="buildRouteTest4" time="0.0010" />

      <testcase classname="unitTests.FlightPlan_Tests" name="generateVelocityTest" time="0.0010" />

      <testcase classname="unitTests.FlightPlan_Tests" name="updateFlightPlanTest" time="0.0020">
          <error message="Index: 0, Size: 0" type="java.lang.IndexOutOfBoundsException">java.lang.IndexOutOfBoundsException: Index: 0, Size: 0
	at java.util.ArrayList.RangeCheck(ArrayList.java:547)
	at java.util.ArrayList.get(ArrayList.java:322)
	at unitTests.FlightPlan_Tests.updateFlightPlanTest(FlightPlan_Tests.java:141)
</error>

      </testcase>

      <testcase classname="unitTests.FlightPlan_Tests" name="generateEntryPointTest1" time="0.0010" />

      <testcase classname="unitTests.FlightPlan_Tests" name="updateFlightPlanTest2" time="0.0010">
          <error message="Index: 0, Size: 0" type="java.lang.IndexOutOfBoundsException">java.lang.IndexOutOfBoundsException: Index: 0, Size: 0
	at java.util.ArrayList.RangeCheck(ArrayList.java:547)
	at java.util.ArrayList.get(ArrayList.java:322)
	at unitTests.FlightPlan_Tests.updateFlightPlanTest2(FlightPlan_Tests.java:151)
</error>

      </testcase>

      <system-out><![CDATA[]]></system-out>

      <system-err><![CDATA[]]></system-err>

  </testsuite>
  <testsuite errors="0" failures="3" hostname="tims-macbook" id="5" name="Flight_Tests" package="unitTests" skipped="0" tests="32" time="0.127" timestamp="2014-03-14T21:57:51">
      <properties>
[...]
</properties>

      <testcase classname="unitTests.Flight_Tests" name="turnFlightLeftTest1" time="0.0090" />

      <testcase classname="unitTests.Flight_Tests" name="turnFlightLeftTest2" time="0.0010" />

      <testcase classname="unitTests.Flight_Tests" name="turnFlightLeftTest3" time="0.0010" />

      <testcase classname="unitTests.Flight_Tests" name="checkIfFlightAtWaypointTest1" time="0.0060">
          <failure type="junit.framework.AssertionFailedError">junit.framework.AssertionFailedError
	at unitTests.Flight_Tests.checkIfFlightAtWaypointTest1(Flight_Tests.java:172)
</failure>

      </testcase>

      <testcase classname="unitTests.Flight_Tests" name="checkIfFlightAtWaypointTest2" time="0.0010">
          <failure type="junit.framework.AssertionFailedError">junit.framework.AssertionFailedError
	at unitTests.Flight_Tests.checkIfFlightAtWaypointTest2(Flight_Tests.java:181)
</failure>

      </testcase>

      <testcase classname="unitTests.Flight_Tests" name="checkIfFlightAtWaypointTest3" time="0.0010" />

      <testcase classname="unitTests.Flight_Tests" name="checkIfFlightAtWaypointTest4" time="0.0" />

      <testcase classname="unitTests.Flight_Tests" name="checkIfFlightAtWaypointTest5" time="0.0010" />

      <testcase classname="unitTests.Flight_Tests" name="updateCurrentHeadingTest1" time="0.0" />

      <testcase classname="unitTests.Flight_Tests" name="updateCurrentHeadingTest2" time="0.0" />

      <testcase classname="unitTests.Flight_Tests" name="updateCurrentHeadingTest3" time="0.0" />

      <testcase classname="unitTests.Flight_Tests" name="updateCurrentHeadingTest4" time="0.0" />

      <testcase classname="unitTests.Flight_Tests" name="updateCurrentHeadingTest5" time="0.0" />

      <testcase classname="unitTests.Flight_Tests" name="updateCurrentHeadingTest6" time="0.0010" />

      <testcase classname="unitTests.Flight_Tests" name="updateCurrentHeadingTest7" time="0.0" />

      <testcase classname="unitTests.Flight_Tests" name="updateCurrentHeadingTest8" time="0.0010" />

      <testcase classname="unitTests.Flight_Tests" name="calculateHeadingToFirstWaypointTest1" time="0.0" />

      <testcase classname="unitTests.Flight_Tests" name="calculateHeadingToFirstWaypointTest2" time="0.0" />

      <testcase classname="unitTests.Flight_Tests" name="turnFlightRightTest1" time="0.0" />

      <testcase classname="unitTests.Flight_Tests" name="turnFlightRightTest2" time="0.0" />

      <testcase classname="unitTests.Flight_Tests" name="turnFlightRightTest3" time="0.0" />

      <testcase classname="unitTests.Flight_Tests" name="generateAltitudeTest1" time="0.0010">
          <failure type="junit.framework.AssertionFailedError">junit.framework.AssertionFailedError
	at unitTests.Flight_Tests.generateAltitudeTest1(Flight_Tests.java:48)
</failure>

      </testcase>

      <testcase classname="unitTests.Flight_Tests" name="giveHeadingTest1" time="0.0" />

      <testcase classname="unitTests.Flight_Tests" name="giveHeadingTest2" time="0.0" />

      <testcase classname="unitTests.Flight_Tests" name="giveHeadingTest3" time="0.0" />

      <testcase classname="unitTests.Flight_Tests" name="giveHeadingTest4" time="0.0010" />

      <testcase classname="unitTests.Flight_Tests" name="updateAltitudeTest1" time="0.0010" />

      <testcase classname="unitTests.Flight_Tests" name="updateAltitudeTest2" time="0.0" />

      <testcase classname="unitTests.Flight_Tests" name="updateAltitudeTest3" time="0.0" />

      <testcase classname="unitTests.Flight_Tests" name="updateAltitudeTest4" time="0.0" />

      <testcase classname="unitTests.Flight_Tests" name="updateAltitudeTest5" time="0.0" />

      <testcase classname="unitTests.Flight_Tests" name="updateXYCoordinates" time="0.0" />

      <system-out><![CDATA[]]></system-out>

      <system-err><![CDATA[]]></system-err>

  </testsuite>
  <testsuite errors="4" failures="0" hostname="tims-macbook" id="6" name="HoverImage_Test" package="unitTests" skipped="0" tests="4" time="0.955" timestamp="2014-03-14T21:57:52">
      <properties>
[...]
</properties>

      <testcase classname="unitTests.HoverImage_Test" name="testGetX" time="0.083">
          <error message="No OpenGL context found in the current thread." type="java.lang.RuntimeException">java.lang.RuntimeException: No OpenGL context found in the current thread.
	at org.lwjgl.opengl.GLContext.getCapabilities(GLContext.java:124)
	at org.lwjgl.opengl.GL11.glGetError(GL11.java:1289)
	at org.newdawn.slick.opengl.renderer.ImmediateModeOGLRenderer.glGetError(ImmediateModeOGLRenderer.java:384)
	at org.newdawn.slick.opengl.InternalTextureLoader.getTexture(InternalTextureLoader.java:249)
	at org.newdawn.slick.opengl.InternalTextureLoader.getTexture(InternalTextureLoader.java:187)
	at org.newdawn.slick.Image.&lt;init&gt;(Image.java:192)
	at org.newdawn.slick.Image.&lt;init&gt;(Image.java:166)
	at org.newdawn.slick.Image.&lt;init&gt;(Image.java:154)
	at org.newdawn.slick.Image.&lt;init&gt;(Image.java:132)
	at unitTests.HoverImage_Test.setUp(HoverImage_Test.java:23)
</error>

      </testcase>

      <testcase classname="unitTests.HoverImage_Test" name="testGetY" time="0.0040">
          <error message="No OpenGL context found in the current thread." type="java.lang.RuntimeException">java.lang.RuntimeException: No OpenGL context found in the current thread.
	at org.lwjgl.opengl.GLContext.getCapabilities(GLContext.java:124)
	at org.lwjgl.opengl.GL11.glGetError(GL11.java:1289)
	at org.newdawn.slick.opengl.renderer.ImmediateModeOGLRenderer.glGetError(ImmediateModeOGLRenderer.java:384)
	at org.newdawn.slick.opengl.InternalTextureLoader.getTexture(InternalTextureLoader.java:249)
	at org.newdawn.slick.opengl.InternalTextureLoader.getTexture(InternalTextureLoader.java:187)
	at org.newdawn.slick.Image.&lt;init&gt;(Image.java:192)
	at org.newdawn.slick.Image.&lt;init&gt;(Image.java:166)
	at org.newdawn.slick.Image.&lt;init&gt;(Image.java:154)
	at org.newdawn.slick.Image.&lt;init&gt;(Image.java:132)
	at unitTests.HoverImage_Test.setUp(HoverImage_Test.java:23)
</error>

      </testcase>

      <testcase classname="unitTests.HoverImage_Test" name="testSetX" time="0.0030">
          <error message="No OpenGL context found in the current thread." type="java.lang.RuntimeException">java.lang.RuntimeException: No OpenGL context found in the current thread.
	at org.lwjgl.opengl.GLContext.getCapabilities(GLContext.java:124)
	at org.lwjgl.opengl.GL11.glGetError(GL11.java:1289)
	at org.newdawn.slick.opengl.renderer.ImmediateModeOGLRenderer.glGetError(ImmediateModeOGLRenderer.java:384)
	at org.newdawn.slick.opengl.InternalTextureLoader.getTexture(InternalTextureLoader.java:249)
	at org.newdawn.slick.opengl.InternalTextureLoader.getTexture(InternalTextureLoader.java:187)
	at org.newdawn.slick.Image.&lt;init&gt;(Image.java:192)
	at org.newdawn.slick.Image.&lt;init&gt;(Image.java:166)
	at org.newdawn.slick.Image.&lt;init&gt;(Image.java:154)
	at org.newdawn.slick.Image.&lt;init&gt;(Image.java:132)
	at unitTests.HoverImage_Test.setUp(HoverImage_Test.java:23)
</error>

      </testcase>

      <testcase classname="unitTests.HoverImage_Test" name="testSetY" time="0.0020">
          <error message="No OpenGL context found in the current thread." type="java.lang.RuntimeException">java.lang.RuntimeException: No OpenGL context found in the current thread.
	at org.lwjgl.opengl.GLContext.getCapabilities(GLContext.java:124)
	at org.lwjgl.opengl.GL11.glGetError(GL11.java:1289)
	at org.newdawn.slick.opengl.renderer.ImmediateModeOGLRenderer.glGetError(ImmediateModeOGLRenderer.java:384)
	at org.newdawn.slick.opengl.InternalTextureLoader.getTexture(InternalTextureLoader.java:249)
	at org.newdawn.slick.opengl.InternalTextureLoader.getTexture(InternalTextureLoader.java:187)
	at org.newdawn.slick.Image.&lt;init&gt;(Image.java:192)
	at org.newdawn.slick.Image.&lt;init&gt;(Image.java:166)
	at org.newdawn.slick.Image.&lt;init&gt;(Image.java:154)
	at org.newdawn.slick.Image.&lt;init&gt;(Image.java:132)
	at unitTests.HoverImage_Test.setUp(HoverImage_Test.java:23)
</error>

      </testcase>

      <system-out><![CDATA[]]></system-out>

      <system-err><![CDATA[]]></system-err>

  </testsuite>
  <testsuite errors="0" failures="4" hostname="tims-macbook" id="7" name="PlayState_Test" package="unitTests" skipped="0" tests="6" time="0.081" timestamp="2014-03-14T21:57:54">
      <properties>
[...]
</properties>

      <testcase classname="unitTests.PlayState_Test" name="testPlayState" time="0.01">
          <failure message="Not yet implemented" type="junit.framework.AssertionFailedError">junit.framework.AssertionFailedError: Not yet implemented
	at unitTests.PlayState_Test.testPlayState(PlayState_Test.java:30)
</failure>

      </testcase>

      <testcase classname="unitTests.PlayState_Test" name="testGetID" time="0.0" />

      <testcase classname="unitTests.PlayState_Test" name="testInit" time="0.0010">
          <failure message="Not yet implemented" type="junit.framework.AssertionFailedError">junit.framework.AssertionFailedError: Not yet implemented
	at unitTests.PlayState_Test.testInit(PlayState_Test.java:35)
</failure>

      </testcase>

      <testcase classname="unitTests.PlayState_Test" name="testSetAirspace" time="0.0010" />

      <testcase classname="unitTests.PlayState_Test" name="testRender" time="0.0010">
          <failure message="Not yet implemented" type="junit.framework.AssertionFailedError">junit.framework.AssertionFailedError: Not yet implemented
	at unitTests.PlayState_Test.testRender(PlayState_Test.java:40)
</failure>

      </testcase>

      <testcase classname="unitTests.PlayState_Test" name="testUpdate" time="0.0010">
          <failure message="Not yet implemented" type="junit.framework.AssertionFailedError">junit.framework.AssertionFailedError: Not yet implemented
	at unitTests.PlayState_Test.testUpdate(PlayState_Test.java:45)
</failure>

      </testcase>

      <system-out><![CDATA[]]></system-out>

      <system-err><![CDATA[]]></system-err>

  </testsuite>
  <testsuite errors="0" failures="0" hostname="tims-macbook" id="8" name="ScoreTracking_Test" package="unitTests" skipped="0" tests="8" time="0.082" timestamp="2014-03-14T21:57:54">
      <properties>
[...]
</properties>

      <testcase classname="unitTests.ScoreTracking_Test" name="testGetScore" time="0.0030" />

      <testcase classname="unitTests.ScoreTracking_Test" name="testUpdateScore" time="0.0" />

      <testcase classname="unitTests.ScoreTracking_Test" name="testToString" time="0.0" />

      <testcase classname="unitTests.ScoreTracking_Test" name="testUpdateWaypointScore" time="0.0010" />

      <testcase classname="unitTests.ScoreTracking_Test" name="testUpdateTimeScore" time="0.0" />

      <testcase classname="unitTests.ScoreTracking_Test" name="testReduceScoreOnFlightLost" time="0.0" />

      <testcase classname="unitTests.ScoreTracking_Test" name="testReduceScoreOnFlightplanChange" time="0.0" />

      <testcase classname="unitTests.ScoreTracking_Test" name="testResetScore" time="0.0010" />

      <system-out><![CDATA[]]></system-out>

      <system-err><![CDATA[]]></system-err>

  </testsuite>
  <testsuite errors="2" failures="0" hostname="tims-macbook" id="9" name="SeparationRules_Tests" package="unitTests" skipped="0" tests="5" time="0.082" timestamp="2014-03-14T21:57:55">
      <properties>
[...]
</properties>

      <testcase classname="unitTests.SeparationRules_Tests" name="checkViolationFalseVerticalTest" time="0.0070" />

      <testcase classname="unitTests.SeparationRules_Tests" name="verticalDistanceBetweenFlightsTest" time="0.0" />

      <testcase classname="unitTests.SeparationRules_Tests" name="checkViolationFalseLateralTest" time="0.0" />

      <testcase classname="unitTests.SeparationRules_Tests" name="lateralDistanceBetweenFLightsTest" time="0.0060">
          <error message="Index: 3, Size: 3" type="java.lang.IndexOutOfBoundsException">java.lang.IndexOutOfBoundsException: Index: 3, Size: 3
	at java.util.ArrayList.RangeCheck(ArrayList.java:547)
	at java.util.ArrayList.get(ArrayList.java:322)
	at logicClasses.FlightPlan.generateEntryPoint(FlightPlan.java:64)
	at logicClasses.FlightPlan.&lt;init&gt;(FlightPlan.java:41)
	at logicClasses.Flight.&lt;init&gt;(Flight.java:68)
	at unitTests.SeparationRules_Tests.setUp(SeparationRules_Tests.java:36)
</error>

      </testcase>

      <testcase classname="unitTests.SeparationRules_Tests" name="checkViolationTrueTest" time="0.0020">
          <error message="Index: 3, Size: 3" type="java.lang.IndexOutOfBoundsException">java.lang.IndexOutOfBoundsException: Index: 3, Size: 3
	at java.util.ArrayList.RangeCheck(ArrayList.java:547)
	at java.util.ArrayList.get(ArrayList.java:322)
	at logicClasses.FlightPlan.generateEntryPoint(FlightPlan.java:64)
	at logicClasses.FlightPlan.&lt;init&gt;(FlightPlan.java:41)
	at logicClasses.Flight.&lt;init&gt;(Flight.java:68)
	at unitTests.SeparationRules_Tests.setUp(SeparationRules_Tests.java:36)
</error>

      </testcase>

      <system-out><![CDATA[]]></system-out>

      <system-err><![CDATA[]]></system-err>

  </testsuite>
</testsuites>
