<?xml version="1.0" encoding="UTF-8" ?>
<testsuites>
  <testsuite errors="1" failures="10" hostname="tims-macbook" id="0" name="Controls_Tests" package="unitTests" skipped="0" tests="12" time="0.105" timestamp="2014-03-03T20:29:05">
      <properties>
[...]
</properties>

      <testcase classname="unitTests.Controls_Tests" name="testUpdateTurnLeftTextBox" time="0.0070">
          <failure message="Not yet implemented" type="junit.framework.AssertionFailedError">junit.framework.AssertionFailedError: Not yet implemented
	at unitTests.Controls_Tests.testUpdateTurnLeftTextBox(Controls_Tests.java:65)
</failure>

      </testcase>

      <testcase classname="unitTests.Controls_Tests" name="testUpdateTurnRightTextBox" time="0.0010">
          <failure message="Not yet implemented" type="junit.framework.AssertionFailedError">junit.framework.AssertionFailedError: Not yet implemented
	at unitTests.Controls_Tests.testUpdateTurnRightTextBox(Controls_Tests.java:70)
</failure>

      </testcase>

      <testcase classname="unitTests.Controls_Tests" name="testHandleAndUpdateAltitudeButtons" time="0.0030">
          <failure message="Not yet implemented" type="junit.framework.AssertionFailedError">junit.framework.AssertionFailedError: Not yet implemented
	at unitTests.Controls_Tests.testHandleAndUpdateAltitudeButtons(Controls_Tests.java:40)
</failure>

      </testcase>

      <testcase classname="unitTests.Controls_Tests" name="testInit" time="0.0010">
          <failure message="Not yet implemented" type="junit.framework.AssertionFailedError">junit.framework.AssertionFailedError: Not yet implemented
	at unitTests.Controls_Tests.testInit(Controls_Tests.java:35)
</failure>

      </testcase>

      <testcase classname="unitTests.Controls_Tests" name="testGetSelectedFlight" time="0.011">
          <error type="java.lang.NullPointerException">java.lang.NullPointerException
	at logicClasses.Controls.setSelectedFlight(Controls.java:242)
	at unitTests.Controls_Tests.testGetSelectedFlight(Controls_Tests.java:93)
</error>

      </testcase>

      <testcase classname="unitTests.Controls_Tests" name="testChangeModeByClickingOnFlight" time="0.0020">
          <failure message="Not yet implemented" type="junit.framework.AssertionFailedError">junit.framework.AssertionFailedError: Not yet implemented
	at unitTests.Controls_Tests.testChangeModeByClickingOnFlight(Controls_Tests.java:45)
</failure>

      </testcase>

      <testcase classname="unitTests.Controls_Tests" name="testUpdateHeadingTextBox" time="0.0010">
          <failure message="Not yet implemented" type="junit.framework.AssertionFailedError">junit.framework.AssertionFailedError: Not yet implemented
	at unitTests.Controls_Tests.testUpdateHeadingTextBox(Controls_Tests.java:60)
</failure>

      </testcase>

      <testcase classname="unitTests.Controls_Tests" name="testCheckSelected" time="0.0010">
          <failure message="Not yet implemented" type="junit.framework.AssertionFailedError">junit.framework.AssertionFailedError: Not yet implemented
	at unitTests.Controls_Tests.testCheckSelected(Controls_Tests.java:50)
</failure>

      </testcase>

      <testcase classname="unitTests.Controls_Tests" name="testGiveHeadingWithMouse" time="0.0010">
          <failure message="Not yet implemented" type="junit.framework.AssertionFailedError">junit.framework.AssertionFailedError: Not yet implemented
	at unitTests.Controls_Tests.testGiveHeadingWithMouse(Controls_Tests.java:55)
</failure>

      </testcase>

      <testcase classname="unitTests.Controls_Tests" name="testRender" time="0.0010">
          <failure message="Not yet implemented" type="junit.framework.AssertionFailedError">junit.framework.AssertionFailedError: Not yet implemented
	at unitTests.Controls_Tests.testRender(Controls_Tests.java:75)
</failure>

      </testcase>

      <testcase classname="unitTests.Controls_Tests" name="testUpdate" time="0.0010">
          <failure message="Not yet implemented" type="junit.framework.AssertionFailedError">junit.framework.AssertionFailedError: Not yet implemented
	at unitTests.Controls_Tests.testUpdate(Controls_Tests.java:80)
</failure>

      </testcase>

      <testcase classname="unitTests.Controls_Tests" name="testSetDifficultyValueOfGame" time="0.0010" />

      <system-out><![CDATA[]]></system-out>

      <system-err><![CDATA[]]></system-err>

  </testsuite>
  <testsuite errors="0" failures="0" hostname="tims-macbook" id="1" name="DeferredFile_Test" package="unitTests" skipped="0" tests="2" time="0.072" timestamp="2014-03-03T20:29:06">
      <properties>
[...]
</properties>

      <testcase classname="unitTests.DeferredFile_Test" name="testLoad" time="0.0020" />

      <testcase classname="unitTests.DeferredFile_Test" name="testGetDescription" time="0.0010" />

      <system-out><![CDATA[]]></system-out>

      <system-err><![CDATA[]]></system-err>

  </testsuite>
  <testsuite errors="24" failures="0" hostname="tims-macbook" id="2" name="FlightMenu_Tests" package="unitTests" skipped="0" tests="24" time="0.43" timestamp="2014-03-03T20:29:06">
      <properties>
[...]
</properties>

      <testcase classname="unitTests.FlightMenu_Tests" name="testGetSliderWidth" time="0.306">
          <error message="No OpenGL context found in the current thread." type="java.lang.RuntimeException">java.lang.RuntimeException: No OpenGL context found in the current thread.
	at org.lwjgl.opengl.GLContext.getCapabilities(GLContext.java:124)
	at org.lwjgl.opengl.GL11.glGetError(GL11.java:1289)
	at org.newdawn.slick.opengl.renderer.ImmediateModeOGLRenderer.glGetError(ImmediateModeOGLRenderer.java:384)
	at org.newdawn.slick.opengl.GLUtils.checkGLContext(GLUtils.java:17)
	at org.newdawn.slick.TrueTypeFont.&lt;init&gt;(TrueTypeFont.java:92)
	at org.newdawn.slick.TrueTypeFont.&lt;init&gt;(TrueTypeFont.java:112)
	at logicClasses.FlightMenu.&lt;init&gt;(FlightMenu.java:32)
	at unitTests.FlightMenu_Tests.setUp(FlightMenu_Tests.java:28)
</error>

      </testcase>

      <testcase classname="unitTests.FlightMenu_Tests" name="testSetButtonHeight" time="0.0020">
          <error message="No OpenGL context found in the current thread." type="java.lang.RuntimeException">java.lang.RuntimeException: No OpenGL context found in the current thread.
	at org.lwjgl.opengl.GLContext.getCapabilities(GLContext.java:124)
	at org.lwjgl.opengl.GL11.glGetError(GL11.java:1289)
	at org.newdawn.slick.opengl.renderer.ImmediateModeOGLRenderer.glGetError(ImmediateModeOGLRenderer.java:384)
	at org.newdawn.slick.opengl.GLUtils.checkGLContext(GLUtils.java:17)
	at org.newdawn.slick.TrueTypeFont.&lt;init&gt;(TrueTypeFont.java:92)
	at org.newdawn.slick.TrueTypeFont.&lt;init&gt;(TrueTypeFont.java:112)
	at logicClasses.FlightMenu.&lt;init&gt;(FlightMenu.java:32)
	at unitTests.FlightMenu_Tests.setUp(FlightMenu_Tests.java:28)
</error>

      </testcase>

      <testcase classname="unitTests.FlightMenu_Tests" name="testSetSpacingSize" time="0.0020">
          <error message="No OpenGL context found in the current thread." type="java.lang.RuntimeException">java.lang.RuntimeException: No OpenGL context found in the current thread.
	at org.lwjgl.opengl.GLContext.getCapabilities(GLContext.java:124)
	at org.lwjgl.opengl.GL11.glGetError(GL11.java:1289)
	at org.newdawn.slick.opengl.renderer.ImmediateModeOGLRenderer.glGetError(ImmediateModeOGLRenderer.java:384)
	at org.newdawn.slick.opengl.GLUtils.checkGLContext(GLUtils.java:17)
	at org.newdawn.slick.TrueTypeFont.&lt;init&gt;(TrueTypeFont.java:92)
	at org.newdawn.slick.TrueTypeFont.&lt;init&gt;(TrueTypeFont.java:112)
	at logicClasses.FlightMenu.&lt;init&gt;(FlightMenu.java:32)
	at unitTests.FlightMenu_Tests.setUp(FlightMenu_Tests.java:28)
</error>

      </testcase>

      <testcase classname="unitTests.FlightMenu_Tests" name="testSetButtonColor" time="0.0030">
          <error message="No OpenGL context found in the current thread." type="java.lang.RuntimeException">java.lang.RuntimeException: No OpenGL context found in the current thread.
	at org.lwjgl.opengl.GLContext.getCapabilities(GLContext.java:124)
	at org.lwjgl.opengl.GL11.glGetError(GL11.java:1289)
	at org.newdawn.slick.opengl.renderer.ImmediateModeOGLRenderer.glGetError(ImmediateModeOGLRenderer.java:384)
	at org.newdawn.slick.opengl.GLUtils.checkGLContext(GLUtils.java:17)
	at org.newdawn.slick.TrueTypeFont.&lt;init&gt;(TrueTypeFont.java:92)
	at org.newdawn.slick.TrueTypeFont.&lt;init&gt;(TrueTypeFont.java:112)
	at logicClasses.FlightMenu.&lt;init&gt;(FlightMenu.java:32)
	at unitTests.FlightMenu_Tests.setUp(FlightMenu_Tests.java:28)
</error>

      </testcase>

      <testcase classname="unitTests.FlightMenu_Tests" name="testSetButtonWidth" time="0.0040">
          <error message="No OpenGL context found in the current thread." type="java.lang.RuntimeException">java.lang.RuntimeException: No OpenGL context found in the current thread.
	at org.lwjgl.opengl.GLContext.getCapabilities(GLContext.java:124)
	at org.lwjgl.opengl.GL11.glGetError(GL11.java:1289)
	at org.newdawn.slick.opengl.renderer.ImmediateModeOGLRenderer.glGetError(ImmediateModeOGLRenderer.java:384)
	at org.newdawn.slick.opengl.GLUtils.checkGLContext(GLUtils.java:17)
	at org.newdawn.slick.TrueTypeFont.&lt;init&gt;(TrueTypeFont.java:92)
	at org.newdawn.slick.TrueTypeFont.&lt;init&gt;(TrueTypeFont.java:112)
	at logicClasses.FlightMenu.&lt;init&gt;(FlightMenu.java:32)
	at unitTests.FlightMenu_Tests.setUp(FlightMenu_Tests.java:28)
</error>

      </testcase>

      <testcase classname="unitTests.FlightMenu_Tests" name="testGetBearingSize" time="0.0030">
          <error message="No OpenGL context found in the current thread." type="java.lang.RuntimeException">java.lang.RuntimeException: No OpenGL context found in the current thread.
	at org.lwjgl.opengl.GLContext.getCapabilities(GLContext.java:124)
	at org.lwjgl.opengl.GL11.glGetError(GL11.java:1289)
	at org.newdawn.slick.opengl.renderer.ImmediateModeOGLRenderer.glGetError(ImmediateModeOGLRenderer.java:384)
	at org.newdawn.slick.opengl.GLUtils.checkGLContext(GLUtils.java:17)
	at org.newdawn.slick.TrueTypeFont.&lt;init&gt;(TrueTypeFont.java:92)
	at org.newdawn.slick.TrueTypeFont.&lt;init&gt;(TrueTypeFont.java:112)
	at logicClasses.FlightMenu.&lt;init&gt;(FlightMenu.java:32)
	at unitTests.FlightMenu_Tests.setUp(FlightMenu_Tests.java:28)
</error>

      </testcase>

      <testcase classname="unitTests.FlightMenu_Tests" name="testGetSpeedSize" time="0.0010">
          <error message="No OpenGL context found in the current thread." type="java.lang.RuntimeException">java.lang.RuntimeException: No OpenGL context found in the current thread.
	at org.lwjgl.opengl.GLContext.getCapabilities(GLContext.java:124)
	at org.lwjgl.opengl.GL11.glGetError(GL11.java:1289)
	at org.newdawn.slick.opengl.renderer.ImmediateModeOGLRenderer.glGetError(ImmediateModeOGLRenderer.java:384)
	at org.newdawn.slick.opengl.GLUtils.checkGLContext(GLUtils.java:17)
	at org.newdawn.slick.TrueTypeFont.&lt;init&gt;(TrueTypeFont.java:92)
	at org.newdawn.slick.TrueTypeFont.&lt;init&gt;(TrueTypeFont.java:112)
	at logicClasses.FlightMenu.&lt;init&gt;(FlightMenu.java:32)
	at unitTests.FlightMenu_Tests.setUp(FlightMenu_Tests.java:28)
</error>

      </testcase>

      <testcase classname="unitTests.FlightMenu_Tests" name="testGetAltSize" time="0.0010">
          <error message="No OpenGL context found in the current thread." type="java.lang.RuntimeException">java.lang.RuntimeException: No OpenGL context found in the current thread.
	at org.lwjgl.opengl.GLContext.getCapabilities(GLContext.java:124)
	at org.lwjgl.opengl.GL11.glGetError(GL11.java:1289)
	at org.newdawn.slick.opengl.renderer.ImmediateModeOGLRenderer.glGetError(ImmediateModeOGLRenderer.java:384)
	at org.newdawn.slick.opengl.GLUtils.checkGLContext(GLUtils.java:17)
	at org.newdawn.slick.TrueTypeFont.&lt;init&gt;(TrueTypeFont.java:92)
	at org.newdawn.slick.TrueTypeFont.&lt;init&gt;(TrueTypeFont.java:112)
	at logicClasses.FlightMenu.&lt;init&gt;(FlightMenu.java:32)
	at unitTests.FlightMenu_Tests.setUp(FlightMenu_Tests.java:28)
</error>

      </testcase>

      <testcase classname="unitTests.FlightMenu_Tests" name="testGetLabelColor" time="0.0010">
          <error message="No OpenGL context found in the current thread." type="java.lang.RuntimeException">java.lang.RuntimeException: No OpenGL context found in the current thread.
	at org.lwjgl.opengl.GLContext.getCapabilities(GLContext.java:124)
	at org.lwjgl.opengl.GL11.glGetError(GL11.java:1289)
	at org.newdawn.slick.opengl.renderer.ImmediateModeOGLRenderer.glGetError(ImmediateModeOGLRenderer.java:384)
	at org.newdawn.slick.opengl.GLUtils.checkGLContext(GLUtils.java:17)
	at org.newdawn.slick.TrueTypeFont.&lt;init&gt;(TrueTypeFont.java:92)
	at org.newdawn.slick.TrueTypeFont.&lt;init&gt;(TrueTypeFont.java:112)
	at logicClasses.FlightMenu.&lt;init&gt;(FlightMenu.java:32)
	at unitTests.FlightMenu_Tests.setUp(FlightMenu_Tests.java:28)
</error>

      </testcase>

      <testcase classname="unitTests.FlightMenu_Tests" name="testSetIndicatorSize" time="0.0010">
          <error message="No OpenGL context found in the current thread." type="java.lang.RuntimeException">java.lang.RuntimeException: No OpenGL context found in the current thread.
	at org.lwjgl.opengl.GLContext.getCapabilities(GLContext.java:124)
	at org.lwjgl.opengl.GL11.glGetError(GL11.java:1289)
	at org.newdawn.slick.opengl.renderer.ImmediateModeOGLRenderer.glGetError(ImmediateModeOGLRenderer.java:384)
	at org.newdawn.slick.opengl.GLUtils.checkGLContext(GLUtils.java:17)
	at org.newdawn.slick.TrueTypeFont.&lt;init&gt;(TrueTypeFont.java:92)
	at org.newdawn.slick.TrueTypeFont.&lt;init&gt;(TrueTypeFont.java:112)
	at logicClasses.FlightMenu.&lt;init&gt;(FlightMenu.java:32)
	at unitTests.FlightMenu_Tests.setUp(FlightMenu_Tests.java:28)
</error>

      </testcase>

      <testcase classname="unitTests.FlightMenu_Tests" name="testIsAcceptingInput" time="0.0010">
          <error message="No OpenGL context found in the current thread." type="java.lang.RuntimeException">java.lang.RuntimeException: No OpenGL context found in the current thread.
	at org.lwjgl.opengl.GLContext.getCapabilities(GLContext.java:124)
	at org.lwjgl.opengl.GL11.glGetError(GL11.java:1289)
	at org.newdawn.slick.opengl.renderer.ImmediateModeOGLRenderer.glGetError(ImmediateModeOGLRenderer.java:384)
	at org.newdawn.slick.opengl.GLUtils.checkGLContext(GLUtils.java:17)
	at org.newdawn.slick.TrueTypeFont.&lt;init&gt;(TrueTypeFont.java:92)
	at org.newdawn.slick.TrueTypeFont.&lt;init&gt;(TrueTypeFont.java:112)
	at logicClasses.FlightMenu.&lt;init&gt;(FlightMenu.java:32)
	at unitTests.FlightMenu_Tests.setUp(FlightMenu_Tests.java:28)
</error>

      </testcase>

      <testcase classname="unitTests.FlightMenu_Tests" name="testMouseMoved" time="0.0010">
          <error message="No OpenGL context found in the current thread." type="java.lang.RuntimeException">java.lang.RuntimeException: No OpenGL context found in the current thread.
	at org.lwjgl.opengl.GLContext.getCapabilities(GLContext.java:124)
	at org.lwjgl.opengl.GL11.glGetError(GL11.java:1289)
	at org.newdawn.slick.opengl.renderer.ImmediateModeOGLRenderer.glGetError(ImmediateModeOGLRenderer.java:384)
	at org.newdawn.slick.opengl.GLUtils.checkGLContext(GLUtils.java:17)
	at org.newdawn.slick.TrueTypeFont.&lt;init&gt;(TrueTypeFont.java:92)
	at org.newdawn.slick.TrueTypeFont.&lt;init&gt;(TrueTypeFont.java:112)
	at logicClasses.FlightMenu.&lt;init&gt;(FlightMenu.java:32)
	at unitTests.FlightMenu_Tests.setUp(FlightMenu_Tests.java:28)
</error>

      </testcase>

      <testcase classname="unitTests.FlightMenu_Tests" name="testGetSpacingSize" time="0.0010">
          <error message="No OpenGL context found in the current thread." type="java.lang.RuntimeException">java.lang.RuntimeException: No OpenGL context found in the current thread.
	at org.lwjgl.opengl.GLContext.getCapabilities(GLContext.java:124)
	at org.lwjgl.opengl.GL11.glGetError(GL11.java:1289)
	at org.newdawn.slick.opengl.renderer.ImmediateModeOGLRenderer.glGetError(ImmediateModeOGLRenderer.java:384)
	at org.newdawn.slick.opengl.GLUtils.checkGLContext(GLUtils.java:17)
	at org.newdawn.slick.TrueTypeFont.&lt;init&gt;(TrueTypeFont.java:92)
	at org.newdawn.slick.TrueTypeFont.&lt;init&gt;(TrueTypeFont.java:112)
	at logicClasses.FlightMenu.&lt;init&gt;(FlightMenu.java:32)
	at unitTests.FlightMenu_Tests.setUp(FlightMenu_Tests.java:28)
</error>

      </testcase>

      <testcase classname="unitTests.FlightMenu_Tests" name="testSetSliderWidth" time="0.0030">
          <error message="No OpenGL context found in the current thread." type="java.lang.RuntimeException">java.lang.RuntimeException: No OpenGL context found in the current thread.
	at org.lwjgl.opengl.GLContext.getCapabilities(GLContext.java:124)
	at org.lwjgl.opengl.GL11.glGetError(GL11.java:1289)
	at org.newdawn.slick.opengl.renderer.ImmediateModeOGLRenderer.glGetError(ImmediateModeOGLRenderer.java:384)
	at org.newdawn.slick.opengl.GLUtils.checkGLContext(GLUtils.java:17)
	at org.newdawn.slick.TrueTypeFont.&lt;init&gt;(TrueTypeFont.java:92)
	at org.newdawn.slick.TrueTypeFont.&lt;init&gt;(TrueTypeFont.java:112)
	at logicClasses.FlightMenu.&lt;init&gt;(FlightMenu.java:32)
	at unitTests.FlightMenu_Tests.setUp(FlightMenu_Tests.java:28)
</error>

      </testcase>

      <testcase classname="unitTests.FlightMenu_Tests" name="testGetButtonColor" time="0.0010">
          <error message="No OpenGL context found in the current thread." type="java.lang.RuntimeException">java.lang.RuntimeException: No OpenGL context found in the current thread.
	at org.lwjgl.opengl.GLContext.getCapabilities(GLContext.java:124)
	at org.lwjgl.opengl.GL11.glGetError(GL11.java:1289)
	at org.newdawn.slick.opengl.renderer.ImmediateModeOGLRenderer.glGetError(ImmediateModeOGLRenderer.java:384)
	at org.newdawn.slick.opengl.GLUtils.checkGLContext(GLUtils.java:17)
	at org.newdawn.slick.TrueTypeFont.&lt;init&gt;(TrueTypeFont.java:92)
	at org.newdawn.slick.TrueTypeFont.&lt;init&gt;(TrueTypeFont.java:112)
	at logicClasses.FlightMenu.&lt;init&gt;(FlightMenu.java:32)
	at unitTests.FlightMenu_Tests.setUp(FlightMenu_Tests.java:28)
</error>

      </testcase>

      <testcase classname="unitTests.FlightMenu_Tests" name="testGetButtonWidth" time="0.0020">
          <error message="No OpenGL context found in the current thread." type="java.lang.RuntimeException">java.lang.RuntimeException: No OpenGL context found in the current thread.
	at org.lwjgl.opengl.GLContext.getCapabilities(GLContext.java:124)
	at org.lwjgl.opengl.GL11.glGetError(GL11.java:1289)
	at org.newdawn.slick.opengl.renderer.ImmediateModeOGLRenderer.glGetError(ImmediateModeOGLRenderer.java:384)
	at org.newdawn.slick.opengl.GLUtils.checkGLContext(GLUtils.java:17)
	at org.newdawn.slick.TrueTypeFont.&lt;init&gt;(TrueTypeFont.java:92)
	at org.newdawn.slick.TrueTypeFont.&lt;init&gt;(TrueTypeFont.java:112)
	at logicClasses.FlightMenu.&lt;init&gt;(FlightMenu.java:32)
	at unitTests.FlightMenu_Tests.setUp(FlightMenu_Tests.java:28)
</error>

      </testcase>

      <testcase classname="unitTests.FlightMenu_Tests" name="testSetLabelColor" time="0.0010">
          <error message="No OpenGL context found in the current thread." type="java.lang.RuntimeException">java.lang.RuntimeException: No OpenGL context found in the current thread.
	at org.lwjgl.opengl.GLContext.getCapabilities(GLContext.java:124)
	at org.lwjgl.opengl.GL11.glGetError(GL11.java:1289)
	at org.newdawn.slick.opengl.renderer.ImmediateModeOGLRenderer.glGetError(ImmediateModeOGLRenderer.java:384)
	at org.newdawn.slick.opengl.GLUtils.checkGLContext(GLUtils.java:17)
	at org.newdawn.slick.TrueTypeFont.&lt;init&gt;(TrueTypeFont.java:92)
	at org.newdawn.slick.TrueTypeFont.&lt;init&gt;(TrueTypeFont.java:112)
	at logicClasses.FlightMenu.&lt;init&gt;(FlightMenu.java:32)
	at unitTests.FlightMenu_Tests.setUp(FlightMenu_Tests.java:28)
</error>

      </testcase>

      <testcase classname="unitTests.FlightMenu_Tests" name="testSetFlight" time="0.0010">
          <error message="No OpenGL context found in the current thread." type="java.lang.RuntimeException">java.lang.RuntimeException: No OpenGL context found in the current thread.
	at org.lwjgl.opengl.GLContext.getCapabilities(GLContext.java:124)
	at org.lwjgl.opengl.GL11.glGetError(GL11.java:1289)
	at org.newdawn.slick.opengl.renderer.ImmediateModeOGLRenderer.glGetError(ImmediateModeOGLRenderer.java:384)
	at org.newdawn.slick.opengl.GLUtils.checkGLContext(GLUtils.java:17)
	at org.newdawn.slick.TrueTypeFont.&lt;init&gt;(TrueTypeFont.java:92)
	at org.newdawn.slick.TrueTypeFont.&lt;init&gt;(TrueTypeFont.java:112)
	at logicClasses.FlightMenu.&lt;init&gt;(FlightMenu.java:32)
	at unitTests.FlightMenu_Tests.setUp(FlightMenu_Tests.java:28)
</error>

      </testcase>

      <testcase classname="unitTests.FlightMenu_Tests" name="testSetSpeedSize" time="0.0020">
          <error message="No OpenGL context found in the current thread." type="java.lang.RuntimeException">java.lang.RuntimeException: No OpenGL context found in the current thread.
	at org.lwjgl.opengl.GLContext.getCapabilities(GLContext.java:124)
	at org.lwjgl.opengl.GL11.glGetError(GL11.java:1289)
	at org.newdawn.slick.opengl.renderer.ImmediateModeOGLRenderer.glGetError(ImmediateModeOGLRenderer.java:384)
	at org.newdawn.slick.opengl.GLUtils.checkGLContext(GLUtils.java:17)
	at org.newdawn.slick.TrueTypeFont.&lt;init&gt;(TrueTypeFont.java:92)
	at org.newdawn.slick.TrueTypeFont.&lt;init&gt;(TrueTypeFont.java:112)
	at logicClasses.FlightMenu.&lt;init&gt;(FlightMenu.java:32)
	at unitTests.FlightMenu_Tests.setUp(FlightMenu_Tests.java:28)
</error>

      </testcase>

      <testcase classname="unitTests.FlightMenu_Tests" name="testSetHeadingSize" time="0.0020">
          <error message="No OpenGL context found in the current thread." type="java.lang.RuntimeException">java.lang.RuntimeException: No OpenGL context found in the current thread.
	at org.lwjgl.opengl.GLContext.getCapabilities(GLContext.java:124)
	at org.lwjgl.opengl.GL11.glGetError(GL11.java:1289)
	at org.newdawn.slick.opengl.renderer.ImmediateModeOGLRenderer.glGetError(ImmediateModeOGLRenderer.java:384)
	at org.newdawn.slick.opengl.GLUtils.checkGLContext(GLUtils.java:17)
	at org.newdawn.slick.TrueTypeFont.&lt;init&gt;(TrueTypeFont.java:92)
	at org.newdawn.slick.TrueTypeFont.&lt;init&gt;(TrueTypeFont.java:112)
	at logicClasses.FlightMenu.&lt;init&gt;(FlightMenu.java:32)
	at unitTests.FlightMenu_Tests.setUp(FlightMenu_Tests.java:28)
</error>

      </testcase>

      <testcase classname="unitTests.FlightMenu_Tests" name="testSetAltSize" time="0.0010">
          <error message="No OpenGL context found in the current thread." type="java.lang.RuntimeException">java.lang.RuntimeException: No OpenGL context found in the current thread.
	at org.lwjgl.opengl.GLContext.getCapabilities(GLContext.java:124)
	at org.lwjgl.opengl.GL11.glGetError(GL11.java:1289)
	at org.newdawn.slick.opengl.renderer.ImmediateModeOGLRenderer.glGetError(ImmediateModeOGLRenderer.java:384)
	at org.newdawn.slick.opengl.GLUtils.checkGLContext(GLUtils.java:17)
	at org.newdawn.slick.TrueTypeFont.&lt;init&gt;(TrueTypeFont.java:92)
	at org.newdawn.slick.TrueTypeFont.&lt;init&gt;(TrueTypeFont.java:112)
	at logicClasses.FlightMenu.&lt;init&gt;(FlightMenu.java:32)
	at unitTests.FlightMenu_Tests.setUp(FlightMenu_Tests.java:28)
</error>

      </testcase>

      <testcase classname="unitTests.FlightMenu_Tests" name="testGetIndicatorSize" time="0.0">
          <error message="No OpenGL context found in the current thread." type="java.lang.RuntimeException">java.lang.RuntimeException: No OpenGL context found in the current thread.
	at org.lwjgl.opengl.GLContext.getCapabilities(GLContext.java:124)
	at org.lwjgl.opengl.GL11.glGetError(GL11.java:1289)
	at org.newdawn.slick.opengl.renderer.ImmediateModeOGLRenderer.glGetError(ImmediateModeOGLRenderer.java:384)
	at org.newdawn.slick.opengl.GLUtils.checkGLContext(GLUtils.java:17)
	at org.newdawn.slick.TrueTypeFont.&lt;init&gt;(TrueTypeFont.java:92)
	at org.newdawn.slick.TrueTypeFont.&lt;init&gt;(TrueTypeFont.java:112)
	at logicClasses.FlightMenu.&lt;init&gt;(FlightMenu.java:32)
	at unitTests.FlightMenu_Tests.setUp(FlightMenu_Tests.java:28)
</error>

      </testcase>

      <testcase classname="unitTests.FlightMenu_Tests" name="testGetButtonHeight" time="0.0010">
          <error message="No OpenGL context found in the current thread." type="java.lang.RuntimeException">java.lang.RuntimeException: No OpenGL context found in the current thread.
	at org.lwjgl.opengl.GLContext.getCapabilities(GLContext.java:124)
	at org.lwjgl.opengl.GL11.glGetError(GL11.java:1289)
	at org.newdawn.slick.opengl.renderer.ImmediateModeOGLRenderer.glGetError(ImmediateModeOGLRenderer.java:384)
	at org.newdawn.slick.opengl.GLUtils.checkGLContext(GLUtils.java:17)
	at org.newdawn.slick.TrueTypeFont.&lt;init&gt;(TrueTypeFont.java:92)
	at org.newdawn.slick.TrueTypeFont.&lt;init&gt;(TrueTypeFont.java:112)
	at logicClasses.FlightMenu.&lt;init&gt;(FlightMenu.java:32)
	at unitTests.FlightMenu_Tests.setUp(FlightMenu_Tests.java:28)
</error>

      </testcase>

      <testcase classname="unitTests.FlightMenu_Tests" name="testSetInput" time="0.0">
          <error message="No OpenGL context found in the current thread." type="java.lang.RuntimeException">java.lang.RuntimeException: No OpenGL context found in the current thread.
	at org.lwjgl.opengl.GLContext.getCapabilities(GLContext.java:124)
	at org.lwjgl.opengl.GL11.glGetError(GL11.java:1289)
	at org.newdawn.slick.opengl.renderer.ImmediateModeOGLRenderer.glGetError(ImmediateModeOGLRenderer.java:384)
	at org.newdawn.slick.opengl.GLUtils.checkGLContext(GLUtils.java:17)
	at org.newdawn.slick.TrueTypeFont.&lt;init&gt;(TrueTypeFont.java:92)
	at org.newdawn.slick.TrueTypeFont.&lt;init&gt;(TrueTypeFont.java:112)
	at logicClasses.FlightMenu.&lt;init&gt;(FlightMenu.java:32)
	at unitTests.FlightMenu_Tests.setUp(FlightMenu_Tests.java:28)
</error>

      </testcase>

      <system-out><![CDATA[]]></system-out>

      <system-err><![CDATA[]]></system-err>

  </testsuite>
  <testsuite errors="4" failures="0" hostname="tims-macbook" id="3" name="HoverImage_Test" package="unitTests" skipped="0" tests="4" time="0.42" timestamp="2014-03-03T20:29:08">
      <properties>
[...]
</properties>

      <testcase classname="unitTests.HoverImage_Test" name="testGetX" time="0.065">
          <error message="No OpenGL context found in the current thread." type="java.lang.RuntimeException">java.lang.RuntimeException: No OpenGL context found in the current thread.
	at org.lwjgl.opengl.GLContext.getCapabilities(GLContext.java:124)
	at org.lwjgl.opengl.GL11.glGetError(GL11.java:1289)
	at org.newdawn.slick.opengl.renderer.ImmediateModeOGLRenderer.glGetError(ImmediateModeOGLRenderer.java:384)
	at org.newdawn.slick.opengl.InternalTextureLoader.getTexture(InternalTextureLoader.java:249)
	at org.newdawn.slick.opengl.InternalTextureLoader.getTexture(InternalTextureLoader.java:187)
	at org.newdawn.slick.Image.&lt;init&gt;(Image.java:192)
	at org.newdawn.slick.Image.&lt;init&gt;(Image.java:166)
	at org.newdawn.slick.Image.&lt;init&gt;(Image.java:154)
	at org.newdawn.slick.Image.&lt;init&gt;(Image.java:132)
	at unitTests.HoverImage_Test.setUp(HoverImage_Test.java:23)
</error>

      </testcase>

      <testcase classname="unitTests.HoverImage_Test" name="testGetY" time="0.0010">
          <error message="No OpenGL context found in the current thread." type="java.lang.RuntimeException">java.lang.RuntimeException: No OpenGL context found in the current thread.
	at org.lwjgl.opengl.GLContext.getCapabilities(GLContext.java:124)
	at org.lwjgl.opengl.GL11.glGetError(GL11.java:1289)
	at org.newdawn.slick.opengl.renderer.ImmediateModeOGLRenderer.glGetError(ImmediateModeOGLRenderer.java:384)
	at org.newdawn.slick.opengl.InternalTextureLoader.getTexture(InternalTextureLoader.java:249)
	at org.newdawn.slick.opengl.InternalTextureLoader.getTexture(InternalTextureLoader.java:187)
	at org.newdawn.slick.Image.&lt;init&gt;(Image.java:192)
	at org.newdawn.slick.Image.&lt;init&gt;(Image.java:166)
	at org.newdawn.slick.Image.&lt;init&gt;(Image.java:154)
	at org.newdawn.slick.Image.&lt;init&gt;(Image.java:132)
	at unitTests.HoverImage_Test.setUp(HoverImage_Test.java:23)
</error>

      </testcase>

      <testcase classname="unitTests.HoverImage_Test" name="testSetX" time="0.0020">
          <error message="No OpenGL context found in the current thread." type="java.lang.RuntimeException">java.lang.RuntimeException: No OpenGL context found in the current thread.
	at org.lwjgl.opengl.GLContext.getCapabilities(GLContext.java:124)
	at org.lwjgl.opengl.GL11.glGetError(GL11.java:1289)
	at org.newdawn.slick.opengl.renderer.ImmediateModeOGLRenderer.glGetError(ImmediateModeOGLRenderer.java:384)
	at org.newdawn.slick.opengl.InternalTextureLoader.getTexture(InternalTextureLoader.java:249)
	at org.newdawn.slick.opengl.InternalTextureLoader.getTexture(InternalTextureLoader.java:187)
	at org.newdawn.slick.Image.&lt;init&gt;(Image.java:192)
	at org.newdawn.slick.Image.&lt;init&gt;(Image.java:166)
	at org.newdawn.slick.Image.&lt;init&gt;(Image.java:154)
	at org.newdawn.slick.Image.&lt;init&gt;(Image.java:132)
	at unitTests.HoverImage_Test.setUp(HoverImage_Test.java:23)
</error>

      </testcase>

      <testcase classname="unitTests.HoverImage_Test" name="testSetY" time="0.0030">
          <error message="No OpenGL context found in the current thread." type="java.lang.RuntimeException">java.lang.RuntimeException: No OpenGL context found in the current thread.
	at org.lwjgl.opengl.GLContext.getCapabilities(GLContext.java:124)
	at org.lwjgl.opengl.GL11.glGetError(GL11.java:1289)
	at org.newdawn.slick.opengl.renderer.ImmediateModeOGLRenderer.glGetError(ImmediateModeOGLRenderer.java:384)
	at org.newdawn.slick.opengl.InternalTextureLoader.getTexture(InternalTextureLoader.java:249)
	at org.newdawn.slick.opengl.InternalTextureLoader.getTexture(InternalTextureLoader.java:187)
	at org.newdawn.slick.Image.&lt;init&gt;(Image.java:192)
	at org.newdawn.slick.Image.&lt;init&gt;(Image.java:166)
	at org.newdawn.slick.Image.&lt;init&gt;(Image.java:154)
	at org.newdawn.slick.Image.&lt;init&gt;(Image.java:132)
	at unitTests.HoverImage_Test.setUp(HoverImage_Test.java:23)
</error>

      </testcase>

      <system-out><![CDATA[]]></system-out>

      <system-err><![CDATA[]]></system-err>

  </testsuite>
  <testsuite errors="0" failures="4" hostname="tims-macbook" id="4" name="PlayState_Test" package="unitTests" skipped="0" tests="6" time="0.088" timestamp="2014-03-03T20:29:09">
      <properties>
[...]
</properties>

      <testcase classname="unitTests.PlayState_Test" name="testPlayState" time="0.012">
          <failure message="Not yet implemented" type="junit.framework.AssertionFailedError">junit.framework.AssertionFailedError: Not yet implemented
	at unitTests.PlayState_Test.testPlayState(PlayState_Test.java:30)
</failure>

      </testcase>

      <testcase classname="unitTests.PlayState_Test" name="testGetID" time="0.0010" />

      <testcase classname="unitTests.PlayState_Test" name="testInit" time="0.0010">
          <failure message="Not yet implemented" type="junit.framework.AssertionFailedError">junit.framework.AssertionFailedError: Not yet implemented
	at unitTests.PlayState_Test.testInit(PlayState_Test.java:35)
</failure>

      </testcase>

      <testcase classname="unitTests.PlayState_Test" name="testSetAirspace" time="0.0" />

      <testcase classname="unitTests.PlayState_Test" name="testRender" time="0.0010">
          <failure message="Not yet implemented" type="junit.framework.AssertionFailedError">junit.framework.AssertionFailedError: Not yet implemented
	at unitTests.PlayState_Test.testRender(PlayState_Test.java:40)
</failure>

      </testcase>

      <testcase classname="unitTests.PlayState_Test" name="testUpdate" time="0.0010">
          <failure message="Not yet implemented" type="junit.framework.AssertionFailedError">junit.framework.AssertionFailedError: Not yet implemented
	at unitTests.PlayState_Test.testUpdate(PlayState_Test.java:45)
</failure>

      </testcase>

      <system-out><![CDATA[]]></system-out>

      <system-err><![CDATA[]]></system-err>

  </testsuite>
  <testsuite errors="0" failures="0" hostname="tims-macbook" id="5" name="ScoreTracking_Test" package="unitTests" skipped="0" tests="8" time="0.076" timestamp="2014-03-03T20:29:09">
      <properties>
[...]
</properties>

      <testcase classname="unitTests.ScoreTracking_Test" name="testGetScore" time="0.0020" />

      <testcase classname="unitTests.ScoreTracking_Test" name="testUpdateScore" time="0.0" />

      <testcase classname="unitTests.ScoreTracking_Test" name="testToString" time="0.0010" />

      <testcase classname="unitTests.ScoreTracking_Test" name="testUpdateWaypointScore" time="0.0010" />

      <testcase classname="unitTests.ScoreTracking_Test" name="testUpdateTimeScore" time="0.0010" />

      <testcase classname="unitTests.ScoreTracking_Test" name="testReduceScoreOnFlightLost" time="0.0" />

      <testcase classname="unitTests.ScoreTracking_Test" name="testReduceScoreOnFlightplanChange" time="0.0" />

      <testcase classname="unitTests.ScoreTracking_Test" name="testResetScore" time="0.0" />

      <system-out><![CDATA[]]></system-out>

      <system-err><![CDATA[]]></system-err>

  </testsuite>
</testsuites>
